{
    "Role": {
        "Path": "/",
        "RoleName": "lambda-example",
        "RoleId": "AROA6QOMTU3WSGD4QCHSQ",
        "Arn": "arn:aws:iam::997398390509:role/lambda-example",
        "CreateDate": "2025-01-11T18:46:24+00:00",
        "AssumeRolePolicyDocument": {
            "Version": "2012-10-17",
            "Statement": [
                {
                    "Effect": "Allow",
                    "Principal": {
                        "Service": "lambda.amazonaws.com"
                    },
                    "Action": "sts:AssumeRole"
                }
            ]
        }
    }
}
