{
    "FunctionName": "myfirst-cli",
    "FunctionArn": "arn:aws:lambda:us-east-1:997398390509:function:myfirst-cli",
    "Runtime": "nodejs16.x",
    "Role": "arn:aws:iam::997398390509:role/lambda-example",
    "Handler": "index.handler",
    "CodeSize": 329,
    "Description": "",
    "Timeout": 3,
    "MemorySize": 128,
    "LastModified": "2025-01-11T18:46:46.263+0000",
    "CodeSha256": "13+gL2XZKggbbjY1Tie24hOZXHIBbIyfwB4J94/c4sM=",
    "Version": "$LATEST",
    "TracingConfig": {
        "Mode": "PassThrough"
    },
    "RevisionId": "19191e7f-e159-470c-836a-f3c66706f813",
    "State": "Pending",
    "StateReason": "The function is being created.",
    "StateReasonCode": "Creating",
    "PackageType": "Zip",
    "Architectures": [
        "x86_64"
    ],
    "EphemeralStorage": {
        "Size": 512
    },
    "SnapStart": {
        "ApplyOn": "None",
        "OptimizationStatus": "Off"
    },
    "RuntimeVersionConfig": {
        "RuntimeVersionArn": "arn:aws:lambda:us-east-1::runtime:babdf21d739bfda4c9f34221ce1889f4857d277324ffe622cf48faa2e71917b3"
    },
    "LoggingConfig": {
        "LogFormat": "Text",
        "LogGroup": "/aws/lambda/myfirst-cli"
    }
}
