{
    "FunctionName": "myfirst-cli",
    "FunctionArn": "arn:aws:lambda:us-east-1:997398390509:function:myfirst-cli:1",
    "Runtime": "nodejs16.x",
    "Role": "arn:aws:iam::997398390509:role/lambda-example",
    "Handler": "index.handler",
    "CodeSize": 330,
    "Description": "",
    "Timeout": 3,
    "MemorySize": 128,
    "LastModified": "2025-01-11T18:53:34.000+0000",
    "CodeSha256": "j421sgrqoGIDHJL2q+3cas9WXpQQ5YZWQWDK3DQgtPE=",
    "Version": "1",
    "TracingConfig": {
        "Mode": "PassThrough"
    },
    "RevisionId": "42c524f5-339a-45fb-b858-c5546cab490c",
    "State": "Pending",
    "StateReason": "The function is being created.",
    "StateReasonCode": "Creating",
    "PackageType": "Zip",
    "Architectures": [
        "x86_64"
    ],
    "EphemeralStorage": {
        "Size": 512
    },
    "SnapStart": {
        "ApplyOn": "None",
        "OptimizationStatus": "Off"
    },
    "RuntimeVersionConfig": {
        "RuntimeVersionArn": "arn:aws:lambda:us-east-1::runtime:babdf21d739bfda4c9f34221ce1889f4857d277324ffe622cf48faa2e71917b3"
    },
    "LoggingConfig": {
        "LogFormat": "Text",
        "LogGroup": "/aws/lambda/myfirst-cli"
    }
}
